app/build/intermediates/manifest_merge_blame_file/release/manifest-merger-blame-release-report.txt
1<?xml version="1.0" encoding="utf-8"?>
2<manifest xmlns:android="http://schemas.android.com/apk/res/android"
3    package="com.iced.mystore"
4    android:versionCode="16"
5    android:versionName="release-ver-1.2.3.02.21" >
6
7    <uses-sdk
8        android:minSdkVersion="23"
8-->src\main\AndroidManifest.xml
9        android:targetSdkVersion="29" />
9-->src\main\AndroidManifest.xml
10
11    <uses-permission android:name="android.permission.INTERNET" />
11-->src\main\AndroidManifest.xml:5:5-67
11-->src\main\AndroidManifest.xml:5:22-64
12    <uses-permission android:name="android.permission.ACCESS_NETWORK_STATE" /> <!-- Android package visibility setting -->
12-->[com.google.android.gms:play-services-ads-lite:19.7.0] AndroidManifest.xml:24:5-79
12-->[com.google.android.gms:play-services-ads-lite:19.7.0] AndroidManifest.xml:24:22-76
13    <queries>
13-->[com.google.android.gms:play-services-ads-lite:19.7.0] AndroidManifest.xml:27:5-43:15
14
15        <!-- For browser content -->
16        <intent>
16-->[com.google.android.gms:play-services-ads-lite:19.7.0] AndroidManifest.xml:30:9-36:18
17            <action android:name="android.intent.action.VIEW" />
17-->[com.google.android.gms:play-services-ads-lite:19.7.0] AndroidManifest.xml:31:13-65
17-->[com.google.android.gms:play-services-ads-lite:19.7.0] AndroidManifest.xml:31:21-62
18
19            <category android:name="android.intent.category.BROWSABLE" />
19-->[com.google.android.gms:play-services-ads-lite:19.7.0] AndroidManifest.xml:33:13-74
19-->[com.google.android.gms:play-services-ads-lite:19.7.0] AndroidManifest.xml:33:23-71
20
21            <data android:scheme="https" />
21-->[com.google.android.gms:play-services-ads-lite:19.7.0] AndroidManifest.xml:35:13-44
21-->[com.google.android.gms:play-services-ads-lite:19.7.0] AndroidManifest.xml:35:19-41
22        </intent>
23        <!-- End of browser content -->
24        <!-- For CustomTabsService -->
25        <intent>
25-->[com.google.android.gms:play-services-ads-lite:19.7.0] AndroidManifest.xml:39:9-41:18
26            <action android:name="android.support.customtabs.action.CustomTabsService" />
26-->[com.google.android.gms:play-services-ads-lite:19.7.0] AndroidManifest.xml:40:13-90
26-->[com.google.android.gms:play-services-ads-lite:19.7.0] AndroidManifest.xml:40:21-87
27        </intent>
28        <!-- End of CustomTabsService -->
29    </queries>
30
31    <uses-permission android:name="android.permission.WAKE_LOCK" />
31-->[com.google.android.gms:play-services-measurement-sdk-api:17.5.0] AndroidManifest.xml:25:5-68
31-->[com.google.android.gms:play-services-measurement-sdk-api:17.5.0] AndroidManifest.xml:25:22-65
32    <uses-permission android:name="android.permission.RECEIVE_BOOT_COMPLETED" />
32-->[androidx.work:work-runtime:2.1.0] AndroidManifest.xml:27:5-81
32-->[androidx.work:work-runtime:2.1.0] AndroidManifest.xml:27:22-78
33
34    <application
34-->src\main\AndroidManifest.xml:7:5-33:19
35        android:allowBackup="true"
35-->src\main\AndroidManifest.xml:8:9-35
36        android:appComponentFactory="androidx.core.app.CoreComponentFactory"
36-->[androidx.core:core:1.3.1] AndroidManifest.xml:24:18-86
37        android:extractNativeLibs="false"
38        android:icon="@mipmap/ic_launcher"
38-->src\main\AndroidManifest.xml:9:9-43
39        android:label="@string/app_name"
39-->src\main\AndroidManifest.xml:10:9-41
40        android:roundIcon="@mipmap/ic_launcher_round"
40-->src\main\AndroidManifest.xml:11:9-54
41        android:supportsRtl="true"
41-->src\main\AndroidManifest.xml:12:9-35
42        android:theme="@style/Theme.MyStore" >
42-->src\main\AndroidManifest.xml:13:9-45
43        <activity android:name="com.iced.mystore.Activity.UpdateProductActivity" />
43-->src\main\AndroidManifest.xml:14:9-77
43-->src\main\AndroidManifest.xml:14:19-65
44
45        <meta-data
45-->src\main\AndroidManifest.xml:16:9-18:49
46            android:name="com.google.android.gms.ads.APPLICATION_ID"
46-->src\main\AndroidManifest.xml:17:13-69
47            android:value="@string/AD_APP_ID" />
47-->src\main\AndroidManifest.xml:18:13-46
48
49        <activity android:name="com.iced.mystore.Activity.ViewOrderActivity" />
49-->src\main\AndroidManifest.xml:20:9-64
49-->src\main\AndroidManifest.xml:20:19-61
50        <activity android:name="com.iced.mystore.Activity.AccountingActivity" />
50-->src\main\AndroidManifest.xml:21:9-65
50-->src\main\AndroidManifest.xml:21:19-62
51        <activity android:name="com.iced.mystore.Activity.RestockActivity" />
51-->src\main\AndroidManifest.xml:22:9-62
51-->src\main\AndroidManifest.xml:22:19-59
52        <activity android:name="com.iced.mystore.Activity.NewOrderActivity" />
52-->src\main\AndroidManifest.xml:23:9-63
52-->src\main\AndroidManifest.xml:23:19-60
53        <activity android:name="com.iced.mystore.Activity.NewProductActivity" />
53-->src\main\AndroidManifest.xml:24:9-65
53-->src\main\AndroidManifest.xml:24:19-62
54        <activity android:name="com.iced.mystore.Activity.DashboardActivity" />
54-->src\main\AndroidManifest.xml:25:9-64
54-->src\main\AndroidManifest.xml:25:19-61
55        <activity android:name="com.iced.mystore.Activity.MainActivity" >
55-->src\main\AndroidManifest.xml:26:9-32:20
55-->src\main\AndroidManifest.xml:26:19-56
56            <intent-filter>
56-->src\main\AndroidManifest.xml:27:13-31:29
57                <action android:name="android.intent.action.MAIN" />
57-->src\main\AndroidManifest.xml:28:17-69
57-->src\main\AndroidManifest.xml:28:25-66
58
59                <category android:name="android.intent.category.LAUNCHER" />
59-->src\main\AndroidManifest.xml:30:17-77
59-->src\main\AndroidManifest.xml:30:27-74
60            </intent-filter>
61        </activity>
62        <!-- Include the AdActivity and InAppPurchaseActivity configChanges and themes. -->
63        <activity
63-->[com.google.android.gms:play-services-ads-lite:19.7.0] AndroidManifest.xml:48:9-52:64
64            android:name="com.google.android.gms.ads.AdActivity"
64-->[com.google.android.gms:play-services-ads-lite:19.7.0] AndroidManifest.xml:49:13-65
65            android:configChanges="keyboard|keyboardHidden|orientation|screenLayout|uiMode|screenSize|smallestScreenSize"
65-->[com.google.android.gms:play-services-ads-lite:19.7.0] AndroidManifest.xml:50:13-122
66            android:exported="false"
66-->[com.google.android.gms:play-services-ads-lite:19.7.0] AndroidManifest.xml:51:13-37
67            android:theme="@android:style/Theme.Translucent" />
67-->[com.google.android.gms:play-services-ads-lite:19.7.0] AndroidManifest.xml:52:13-61
68
69        <provider
69-->[com.google.android.gms:play-services-ads-lite:19.7.0] AndroidManifest.xml:54:9-58:39
70            android:name="com.google.android.gms.ads.MobileAdsInitProvider"
70-->[com.google.android.gms:play-services-ads-lite:19.7.0] AndroidManifest.xml:55:13-76
71            android:authorities="com.iced.mystore.mobileadsinitprovider"
71-->[com.google.android.gms:play-services-ads-lite:19.7.0] AndroidManifest.xml:56:13-73
72            android:exported="false"
72-->[com.google.android.gms:play-services-ads-lite:19.7.0] AndroidManifest.xml:57:13-37
73            android:initOrder="100" />
73-->[com.google.android.gms:play-services-ads-lite:19.7.0] AndroidManifest.xml:58:13-36
74
75        <service
75-->[com.google.android.gms:play-services-ads-lite:19.7.0] AndroidManifest.xml:60:9-63:40
76            android:name="com.google.android.gms.ads.AdService"
76-->[com.google.android.gms:play-services-ads-lite:19.7.0] AndroidManifest.xml:61:13-64
77            android:enabled="true"
77-->[com.google.android.gms:play-services-ads-lite:19.7.0] AndroidManifest.xml:62:13-35
78            android:exported="false" />
78-->[com.google.android.gms:play-services-ads-lite:19.7.0] AndroidManifest.xml:63:13-37
79
80        <meta-data
80-->[com.google.android.gms:play-services-basement:17.3.0] AndroidManifest.xml:23:9-25:69
81            android:name="com.google.android.gms.version"
81-->[com.google.android.gms:play-services-basement:17.3.0] AndroidManifest.xml:24:13-58
82            android:value="@integer/google_play_services_version" />
82-->[com.google.android.gms:play-services-basement:17.3.0] AndroidManifest.xml:25:13-66
83
84        <provider
84-->[androidx.work:work-runtime:2.1.0] AndroidManifest.xml:30:9-36:35
85            android:name="androidx.work.impl.WorkManagerInitializer"
85-->[androidx.work:work-runtime:2.1.0] AndroidManifest.xml:31:13-69
86            android:authorities="com.iced.mystore.workmanager-init"
86-->[androidx.work:work-runtime:2.1.0] AndroidManifest.xml:32:13-68
87            android:directBootAware="false"
87-->[androidx.work:work-runtime:2.1.0] AndroidManifest.xml:33:13-44
88            android:exported="false"
88-->[androidx.work:work-runtime:2.1.0] AndroidManifest.xml:34:13-37
89            android:multiprocess="true" />
89-->[androidx.work:work-runtime:2.1.0] AndroidManifest.xml:35:13-40
90
91        <service
91-->[androidx.work:work-runtime:2.1.0] AndroidManifest.xml:38:9-43:35
92            android:name="androidx.work.impl.background.systemalarm.SystemAlarmService"
92-->[androidx.work:work-runtime:2.1.0] AndroidManifest.xml:39:13-88
93            android:directBootAware="false"
93-->[androidx.work:work-runtime:2.1.0] AndroidManifest.xml:40:13-44
94            android:enabled="@bool/enable_system_alarm_service_default"
94-->[androidx.work:work-runtime:2.1.0] AndroidManifest.xml:41:13-72
95            android:exported="false" />
95-->[androidx.work:work-runtime:2.1.0] AndroidManifest.xml:42:13-37
96        <service
96-->[androidx.work:work-runtime:2.1.0] AndroidManifest.xml:44:9-50:35
97            android:name="androidx.work.impl.background.systemjob.SystemJobService"
97-->[androidx.work:work-runtime:2.1.0] AndroidManifest.xml:45:13-84
98            android:directBootAware="false"
98-->[androidx.work:work-runtime:2.1.0] AndroidManifest.xml:46:13-44
99            android:enabled="@bool/enable_system_job_service_default"
99-->[androidx.work:work-runtime:2.1.0] AndroidManifest.xml:47:13-70
100            android:exported="true"
100-->[androidx.work:work-runtime:2.1.0] AndroidManifest.xml:48:13-36
101            android:permission="android.permission.BIND_JOB_SERVICE" />
101-->[androidx.work:work-runtime:2.1.0] AndroidManifest.xml:49:13-69
102
103        <receiver
103-->[androidx.work:work-runtime:2.1.0] AndroidManifest.xml:52:9-57:35
104            android:name="androidx.work.impl.utils.ForceStopRunnable$BroadcastReceiver"
104-->[androidx.work:work-runtime:2.1.0] AndroidManifest.xml:53:13-88
105            android:directBootAware="false"
105-->[androidx.work:work-runtime:2.1.0] AndroidManifest.xml:54:13-44
106            android:enabled="true"
106-->[androidx.work:work-runtime:2.1.0] AndroidManifest.xml:55:13-35
107            android:exported="false" />
107-->[androidx.work:work-runtime:2.1.0] AndroidManifest.xml:56:13-37
108        <receiver
108-->[androidx.work:work-runtime:2.1.0] AndroidManifest.xml:58:9-68:20
109            android:name="androidx.work.impl.background.systemalarm.ConstraintProxy$BatteryChargingProxy"
109-->[androidx.work:work-runtime:2.1.0] AndroidManifest.xml:59:13-106
110            android:directBootAware="false"
110-->[androidx.work:work-runtime:2.1.0] AndroidManifest.xml:60:13-44
111            android:enabled="false"
111-->[androidx.work:work-runtime:2.1.0] AndroidManifest.xml:61:13-36
112            android:exported="false" >
112-->[androidx.work:work-runtime:2.1.0] AndroidManifest.xml:62:13-37
113            <intent-filter>
113-->[androidx.work:work-runtime:2.1.0] AndroidManifest.xml:64:13-67:29
114                <action android:name="android.intent.action.ACTION_POWER_CONNECTED" />
114-->[androidx.work:work-runtime:2.1.0] AndroidManifest.xml:65:17-87
114-->[androidx.work:work-runtime:2.1.0] AndroidManifest.xml:65:25-84
115                <action android:name="android.intent.action.ACTION_POWER_DISCONNECTED" />
115-->[androidx.work:work-runtime:2.1.0] AndroidManifest.xml:66:17-90
115-->[androidx.work:work-runtime:2.1.0] AndroidManifest.xml:66:25-87
116            </intent-filter>
117        </receiver>
118        <receiver
118-->[androidx.work:work-runtime:2.1.0] AndroidManifest.xml:69:9-79:20
119            android:name="androidx.work.impl.background.systemalarm.ConstraintProxy$BatteryNotLowProxy"
119-->[androidx.work:work-runtime:2.1.0] AndroidManifest.xml:70:13-104
120            android:directBootAware="false"
120-->[androidx.work:work-runtime:2.1.0] AndroidManifest.xml:71:13-44
121            android:enabled="false"
121-->[androidx.work:work-runtime:2.1.0] AndroidManifest.xml:72:13-36
122            android:exported="false" >
122-->[androidx.work:work-runtime:2.1.0] AndroidManifest.xml:73:13-37
123            <intent-filter>
123-->[androidx.work:work-runtime:2.1.0] AndroidManifest.xml:75:13-78:29
124                <action android:name="android.intent.action.BATTERY_OKAY" />
124-->[androidx.work:work-runtime:2.1.0] AndroidManifest.xml:76:17-77
124-->[androidx.work:work-runtime:2.1.0] AndroidManifest.xml:76:25-74
125                <action android:name="android.intent.action.BATTERY_LOW" />
125-->[androidx.work:work-runtime:2.1.0] AndroidManifest.xml:77:17-76
125-->[androidx.work:work-runtime:2.1.0] AndroidManifest.xml:77:25-73
126            </intent-filter>
127        </receiver>
128        <receiver
128-->[androidx.work:work-runtime:2.1.0] AndroidManifest.xml:80:9-90:20
129            android:name="androidx.work.impl.background.systemalarm.ConstraintProxy$StorageNotLowProxy"
129-->[androidx.work:work-runtime:2.1.0] AndroidManifest.xml:81:13-104
130            android:directBootAware="false"
130-->[androidx.work:work-runtime:2.1.0] AndroidManifest.xml:82:13-44
131            android:enabled="false"
131-->[androidx.work:work-runtime:2.1.0] AndroidManifest.xml:83:13-36
132            android:exported="false" >
132-->[androidx.work:work-runtime:2.1.0] AndroidManifest.xml:84:13-37
133            <intent-filter>
133-->[androidx.work:work-runtime:2.1.0] AndroidManifest.xml:86:13-89:29
134                <action android:name="android.intent.action.DEVICE_STORAGE_LOW" />
134-->[androidx.work:work-runtime:2.1.0] AndroidManifest.xml:87:17-83
134-->[androidx.work:work-runtime:2.1.0] AndroidManifest.xml:87:25-80
135                <action android:name="android.intent.action.DEVICE_STORAGE_OK" />
135-->[androidx.work:work-runtime:2.1.0] AndroidManifest.xml:88:17-82
135-->[androidx.work:work-runtime:2.1.0] AndroidManifest.xml:88:25-79
136            </intent-filter>
137        </receiver>
138        <receiver
138-->[androidx.work:work-runtime:2.1.0] AndroidManifest.xml:91:9-100:20
139            android:name="androidx.work.impl.background.systemalarm.ConstraintProxy$NetworkStateProxy"
139-->[androidx.work:work-runtime:2.1.0] AndroidManifest.xml:92:13-103
140            android:directBootAware="false"
140-->[androidx.work:work-runtime:2.1.0] AndroidManifest.xml:93:13-44
141            android:enabled="false"
141-->[androidx.work:work-runtime:2.1.0] AndroidManifest.xml:94:13-36
142            android:exported="false" >
142-->[androidx.work:work-runtime:2.1.0] AndroidManifest.xml:95:13-37
143            <intent-filter>
143-->[androidx.work:work-runtime:2.1.0] AndroidManifest.xml:97:13-99:29
144                <action android:name="android.net.conn.CONNECTIVITY_CHANGE" />
144-->[androidx.work:work-runtime:2.1.0] AndroidManifest.xml:98:17-79
144-->[androidx.work:work-runtime:2.1.0] AndroidManifest.xml:98:25-76
145            </intent-filter>
146        </receiver>
147        <receiver
147-->[androidx.work:work-runtime:2.1.0] AndroidManifest.xml:101:9-112:20
148            android:name="androidx.work.impl.background.systemalarm.RescheduleReceiver"
148-->[androidx.work:work-runtime:2.1.0] AndroidManifest.xml:102:13-88
149            android:directBootAware="false"
149-->[androidx.work:work-runtime:2.1.0] AndroidManifest.xml:103:13-44
150            android:enabled="false"
150-->[androidx.work:work-runtime:2.1.0] AndroidManifest.xml:104:13-36
151            android:exported="false" >
151-->[androidx.work:work-runtime:2.1.0] AndroidManifest.xml:105:13-37
152            <intent-filter>
152-->[androidx.work:work-runtime:2.1.0] AndroidManifest.xml:107:13-111:29
153                <action android:name="android.intent.action.BOOT_COMPLETED" />
153-->[androidx.work:work-runtime:2.1.0] AndroidManifest.xml:108:17-79
153-->[androidx.work:work-runtime:2.1.0] AndroidManifest.xml:108:25-76
154                <action android:name="android.intent.action.TIME_SET" />
154-->[androidx.work:work-runtime:2.1.0] AndroidManifest.xml:109:17-73
154-->[androidx.work:work-runtime:2.1.0] AndroidManifest.xml:109:25-70
155                <action android:name="android.intent.action.TIMEZONE_CHANGED" />
155-->[androidx.work:work-runtime:2.1.0] AndroidManifest.xml:110:17-81
155-->[androidx.work:work-runtime:2.1.0] AndroidManifest.xml:110:25-78
156            </intent-filter>
157        </receiver>
158        <receiver
158-->[androidx.work:work-runtime:2.1.0] AndroidManifest.xml:113:9-122:20
159            android:name="androidx.work.impl.background.systemalarm.ConstraintProxyUpdateReceiver"
159-->[androidx.work:work-runtime:2.1.0] AndroidManifest.xml:114:13-99
160            android:directBootAware="false"
160-->[androidx.work:work-runtime:2.1.0] AndroidManifest.xml:115:13-44
161            android:enabled="@bool/enable_system_alarm_service_default"
161-->[androidx.work:work-runtime:2.1.0] AndroidManifest.xml:116:13-72
162            android:exported="false" >
162-->[androidx.work:work-runtime:2.1.0] AndroidManifest.xml:117:13-37
163            <intent-filter>
163-->[androidx.work:work-runtime:2.1.0] AndroidManifest.xml:119:13-121:29
164                <action android:name="androidx.work.impl.background.systemalarm.UpdateProxies" />
164-->[androidx.work:work-runtime:2.1.0] AndroidManifest.xml:120:17-98
164-->[androidx.work:work-runtime:2.1.0] AndroidManifest.xml:120:25-95
165            </intent-filter>
166        </receiver>
167
168        <service
168-->[androidx.room:room-runtime:2.1.0] AndroidManifest.xml:25:9-27:40
169            android:name="androidx.room.MultiInstanceInvalidationService"
169-->[androidx.room:room-runtime:2.1.0] AndroidManifest.xml:26:13-74
170            android:exported="false" />
170-->[androidx.room:room-runtime:2.1.0] AndroidManifest.xml:27:13-37
171    </application>
172
173</manifest>